<?xml version="1.0" encoding="UTF-8"?>
<!-- Generated by org.testng.reporters.JUnitXMLReporter -->
<testsuite ignored="0" hostname="Zafar" failures="0" tests="5" name="Default test" time="0.117" errors="0" timestamp="2023-03-10T14:24:25 IST">
  <testcase classname="practice.Pratic" name="test1" time="0.016"/>
  <testcase classname="practice.Pratic" name="test2" time="0.003"/>
  <testcase classname="practice.Pratic" name="test3" time="0.002"/>
  <testcase classname="practice.Pratic" name="test4" time="0.001"/>
  <testcase classname="practice.Pratic" name="test5" time="0.001"/>
</testsuite> <!-- Default test -->
