<?xml version="1.0" encoding="UTF-8"?>
<!-- Generated by org.testng.reporters.JUnitXMLReporter -->
<testsuite ignored="0" hostname="Zafar" failures="0" tests="10" name="Test" time="0.129" errors="0" timestamp="2023-03-10T15:09:25 IST">
  <testcase classname="practice.Pratic" name="test1" time="0.015"/>
  <testcase classname="practice.Pratic" name="test2" time="0.002"/>
  <testcase classname="practice.Pratic" name="test3" time="0.001"/>
  <testcase classname="practice.Pratic" name="test4" time="0.002"/>
  <testcase classname="practice.Pratic" name="test5" time="0.002"/>
  <testcase classname="practice.Practice2" name="test1" time="0.001"/>
  <testcase classname="practice.Practice2" name="test2" time="0.001"/>
  <testcase classname="practice.Practice2" name="test3" time="0.001"/>
  <testcase classname="practice.Practice2" name="test4" time="0.001"/>
  <testcase classname="practice.Practice2" name="test5" time="0.002"/>
</testsuite> <!-- Test -->
