<?xml version="1.0" encoding="UTF-8"?>
<testng-results ignored="0" total="10" passed="10" failed="0" skipped="0">
  <reporter-output>
  </reporter-output>
  <suite started-at="2023-03-10T15:09:25 IST" name="Suite" finished-at="2023-03-10T15:09:25 IST" duration-ms="129">
    <groups>
    </groups>
    <test started-at="2023-03-10T15:09:25 IST" name="Test" finished-at="2023-03-10T15:09:25 IST" duration-ms="129">
      <class name="practice.Practice2">
        <test-method signature="test1()[pri:0, instance:practice.Practice2@20ccf40b]" started-at="2023-03-10T15:09:25 IST" name="test1" finished-at="2023-03-10T15:09:25 IST" duration-ms="1" status="PASS">
          <reporter-output>
          </reporter-output>
        </test-method> <!-- test1 -->
        <test-method signature="test2()[pri:0, instance:practice.Practice2@20ccf40b]" started-at="2023-03-10T15:09:25 IST" name="test2" finished-at="2023-03-10T15:09:25 IST" duration-ms="1" status="PASS">
          <reporter-output>
          </reporter-output>
        </test-method> <!-- test2 -->
        <test-method signature="test3()[pri:0, instance:practice.Practice2@20ccf40b]" started-at="2023-03-10T15:09:25 IST" name="test3" finished-at="2023-03-10T15:09:25 IST" duration-ms="1" status="PASS">
          <reporter-output>
          </reporter-output>
        </test-method> <!-- test3 -->
        <test-method signature="test4()[pri:0, instance:practice.Practice2@20ccf40b]" started-at="2023-03-10T15:09:25 IST" name="test4" finished-at="2023-03-10T15:09:25 IST" duration-ms="1" status="PASS">
          <reporter-output>
          </reporter-output>
        </test-method> <!-- test4 -->
        <test-method signature="test5()[pri:0, instance:practice.Practice2@20ccf40b]" started-at="2023-03-10T15:09:25 IST" name="test5" finished-at="2023-03-10T15:09:25 IST" duration-ms="2" status="PASS">
          <reporter-output>
          </reporter-output>
        </test-method> <!-- test5 -->
      </class> <!-- practice.Practice2 -->
      <class name="practice.Pratic">
        <test-method signature="test1()[pri:0, instance:practice.Pratic@76c3e77a]" started-at="2023-03-10T15:09:25 IST" name="test1" finished-at="2023-03-10T15:09:25 IST" duration-ms="15" status="PASS">
          <reporter-output>
          </reporter-output>
        </test-method> <!-- test1 -->
        <test-method signature="test2()[pri:0, instance:practice.Pratic@76c3e77a]" started-at="2023-03-10T15:09:25 IST" name="test2" finished-at="2023-03-10T15:09:25 IST" duration-ms="2" status="PASS">
          <reporter-output>
          </reporter-output>
        </test-method> <!-- test2 -->
        <test-method signature="test3()[pri:0, instance:practice.Pratic@76c3e77a]" started-at="2023-03-10T15:09:25 IST" name="test3" finished-at="2023-03-10T15:09:25 IST" duration-ms="1" status="PASS">
          <reporter-output>
          </reporter-output>
        </test-method> <!-- test3 -->
        <test-method signature="test4()[pri:0, instance:practice.Pratic@76c3e77a]" started-at="2023-03-10T15:09:25 IST" name="test4" finished-at="2023-03-10T15:09:25 IST" duration-ms="2" status="PASS">
          <reporter-output>
          </reporter-output>
        </test-method> <!-- test4 -->
        <test-method signature="test5()[pri:0, instance:practice.Pratic@76c3e77a]" started-at="2023-03-10T15:09:25 IST" name="test5" finished-at="2023-03-10T15:09:25 IST" duration-ms="2" status="PASS">
          <reporter-output>
          </reporter-output>
        </test-method> <!-- test5 -->
      </class> <!-- practice.Pratic -->
    </test> <!-- Test -->
  </suite> <!-- Suite -->
</testng-results>
